drews 1.0
5 248
4133.22 0.00804018 0.00389636
0.696732 0.713772 -0.0713777
-0.708925 0.700338 0.0833728
0.109498 -0.00748701 0.993959
45.5739 -26.7515 -302.524
4133.22 0.00804018 0.00389636
0.732511 0.667315 0.134607
-0.676519 0.735605 0.0347455
-0.0758312 -0.116515 0.99029
5.40205 -68.2688 -306.909
4133.22 0.00804018 0.00389636
-0.298319 -0.949858 0.0936805
0.954228 -0.294611 0.0515169
-0.0213345 0.104761 0.994269
5.96508 -4.31294 -307.916
0 0 0
0 0 0
0 0 0
0 0 0
0 0 0
0 0 0
0 0 0
0 0 0
0 0 0
0 0 0
-37.1321 -22.9368 197.773
126 146 95
2 0 8614 0 2 9109 0
-55.8044 14.0465 177.852
111 119 106
3 0 430 0 2 3659 0 1 3199 0
13.1429 32.3839 173.843
182 176 200
3 0 7821 0 2 7816 0 1 7773 0
-101.835 -20.5694 176.22
219 218 227
2 0 9842 0 1 9798 0
-15.0992 -42.3606 178.112
182 187 207
2 0 9748 0 2 10112 0
-13.2329 -12.8743 197.328
62 84 61
2 0 5154 0 2 5287 0
-11.4434 21.8736 174.881
167 167 185
3 0 9519 0 2 9981 0 1 9543 0
-79.209 11.797 178.228
226 226 236
2 0 596 0 1 3380 0
-16.2723 22.2819 175.764
178 184 210
2 0 6489 0 1 7095 0
-25.7068 14.8426 175.891
54 87 56
2 0 9811 0 1 9713 0
-21.2491 19.8141 176.031
57 91 58
2 0 9356 0 1 9300 0
24.6925 34.9608 173.695
182 174 176
2 2 7210 0 1 6589 0
-42.1967 22.0977 177.176
157 158 180
3 0 7927 0 2 9003 0 1 8275 0
-18.0029 21.2915 175.516
198 195 203
3 0 7004 0 2 7184 0 1 7754 0
7.61972 33.6945 174.291
153 147 149
2 0 4957 0 1 3738 0
-0.194431 -14.7069 199.885
110 137 83
2 0 8405 0 2 9121 0
-80.4165 16.689 178.121
100 117 99
2 0 7932 0 1 8594 0
-26.8543 -29.4456 195.614
67 85 46
2 0 5558 0 2 6464 0
-80.805 8.47009 178.304
199 204 211
2 0 638 0 1 2900 0
-96.7706 -6.33749 177.05
168 170 191
2 0 6667 0 1 7787 0
-56.6321 12.6278 177.357
68 100 61
2 0 9606 0 1 9560 0
-49.4229 21.3661 177.443
218 207 216
2 0 7413 0 1 7896 0
-21.598 28.3235 175.62
141 140 166
3 0 8172 0 2 8963 0 1 8172 0
-69.0117 20.3499 178.595
90 112 76
2 0 9257 0 1 9315 0
-69.8309 23.5609 178.381
155 160 182
2 0 5802 0 1 6842 0
-17.7921 32.5198 175.865
162 165 177
2 0 5506 0 1 3953 0
-18.6287 -17.3787 195.036
28 33 27
2 0 7189 0 2 7677 0
-82.1974 2.47546 177.608
208 211 228
2 0 9078 0 1 9338 0
-28.023 17.4733 176.487
173 179 203
2 0 9909 0 1 9775 0
7.8727 31.3074 174.258
186 182 188
2 0 9077 0 1 9000 0
-17.052 22.1553 175.383
101 111 146
3 0 7919 0 2 8120 0 1 7817 0
-45.3843 37.1015 177.801
162 172 176
2 0 4262 0 1 1768 0
-19.3665 55.0786 200.911
216 209 92
2 0 9639 0 1 9249 0
-41.5441 19.9672 177.077
73 103 64
2 0 9619 0 1 9538 0
-32.7231 13.8331 174.559
132 142 132
3 0 9434 0 2 9918 0 1 9280 0
17.7253 27.1086 174.06
57 68 95
2 2 3291 0 1 320 0
-36.6142 21.2367 176.854
220 210 216
2 0 7814 0 1 7892 0
-82.3797 -12.3431 177.267
219 218 226
2 0 9369 0 1 9505 0
-89.3916 -41.9307 175.669
119 121 142
2 0 7207 0 1 8007 0
-77.2132 -13.3229 177.165
205 205 217
2 0 9446 0 1 9604 0
-55.7342 14.1299 177.835
116 122 110
3 0 8612 0 2 9546 0 1 8968 0
-101.854 -11.2266 177.311
117 122 92
2 0 9955 0 1 9859 0
-48.216 -24.8923 199.478
255 255 144
2 0 8219 0 2 9168 0
-24.6094 21.2564 175.984
202 200 204
2 0 7473 0 1 7578 0
-55.7678 14.1641 177.155
111 119 106
2 0 432 0 1 3197 0
-45.0656 20.2996 177.422
84 107 73
3 0 9495 0 2 10083 0 1 9612 0
-21.3559 24.8715 175.633
142 146 161
2 2 384 0 1 422 0
-53.3881 14.7834 177.93
85 112 72
3 0 9935 0 2 10263 0 1 9819 0
-29.6193 21.2147 176.41
208 204 211
2 0 8727 0 1 8658 0
-78.3267 7.81717 177.833
94 104 93
2 0 9974 0 1 9864 0
-17.9428 56.9443 199.689
75 86 45
2 2 10120 0 1 9456 0
-33.8413 30.4528 177.739
132 105 86
2 0 10096 0 1 9958 0
-21.9369 28.505 175.647
112 113 138
3 0 3508 0 2 5324 0 1 3481 0
-28.2306 23.895 176.208
145 150 175
2 0 3317 0 2 608 0
-3.51411 22.9079 174.596
114 116 139
3 0 5035 0 2 5895 0 1 4650 0
-75.3594 -9.69817 177.196
195 194 210
2 0 9094 0 1 9292 0
-82.3797 -12.3431 177.267
219 218 226
2 0 9368 0 1 9504 0
-26.9936 19.7095 176.644
62 91 60
2 0 9646 0 1 9579 0
-14.9436 22.6876 175.817
99 112 146
2 0 5895 0 1 5004 0
-25.2301 21.9632 176.189
114 125 155
2 0 7127 0 1 7658 0
-18.4657 -6.10668 191.767
112 132 102
2 0 7697 0 2 8284 0
-43.2013 33.2747 176.714
62 99 65
2 0 10105 0 1 9955 0
-17.9428 56.9443 199.689
75 86 45
2 2 10121 0 1 9455 0
18.2546 25.1811 173.818
156 158 163
2 0 1052 0 1 850 0
-74.682 4.56006 178.631
200 196 122
2 0 7015 0 1 7283 0
-12.4935 23.0278 175.15
97 105 139
3 0 3894 0 2 2863 0 1 2818 0
-15.8301 -14.3807 196.041
108 135 101
2 0 4913 0 2 6712 0
-30.9147 21.8169 176.247
136 141 161
3 0 1494 0 2 1544 0 1 1501 0
-17.1048 21.2161 175.589
202 196 206
2 0 7295 0 1 7771 0
-30.9227 19.8545 176.609
63 94 61
2 0 9502 0 1 9458 0
-24.7909 22.0856 175.793
76 90 118
2 2 4423 0 1 2024 0
-43.0486 -25.6793 199.16
59 77 43
2 0 9306 0 2 9693 0
-47.8303 16.0595 176.243
111 130 109
2 0 8756 0 1 8708 0
-45.9209 15.2718 177.238
206 205 219
3 0 9241 0 2 9883 0 1 9222 0
-18.35 22.2239 175.354
105 114 147
3 0 8616 0 2 9411 0 1 8204 0
-36.6849 -24.309 197.706
142 159 112
2 0 4192 0 2 5563 0
10.2029 8.31494 202.385
40 58 32
2 0 7625 0 2 9169 0
-1.38788 -53.7222 184.318
121 127 147
2 0 2049 0 2 1175 0
14.4591 32.5659 173.94
197 189 212
3 0 7285 0 2 7244 0 1 6740 0
-80.9044 5.08811 178.269
252 253 255
2 0 9972 0 1 9900 0
-8.73094 22.378 174.902
90 97 123
3 0 6539 0 2 7474 0 1 7130 0
20.0477 34.8667 173.129
87 90 69
2 0 8423 0 1 8798 0
-65.2752 21.901 178.034
153 150 164
2 0 5606 0 1 6795 0
-101.835 -20.5694 176.22
219 218 227
2 0 9843 0 1 9799 0
12.3589 31.7053 173.888
88 103 139
3 0 3529 0 2 630 0 1 130 0
-17.5559 -42.0237 178.106
210 219 236
2 0 9223 0 2 9469 0
8.62925 3.56143 201.465
116 134 94
2 0 9476 0 2 9932 0
-12.2837 -44.5002 178.245
50 75 56
2 0 9966 0 2 10253 0
-24.2693 22.2021 175.706
178 184 208
2 2 4763 0 1 4067 0
-12.1706 14.7631 177.163
48 77 47
2 0 9758 0 1 9679 0
-79.9209 11.2025 178.271
205 205 212
2 0 5218 0 1 6905 0
-52.4987 19.9317 178.055
176 154 147
3 0 6719 0 2 8146 0 1 7693 0
-68.7251 22.1413 178.182
143 147 167
2 0 4313 0 1 5290 0
-59.4133 21.5324 177.855
218 209 212
2 0 7137 0 1 7813 0
-108.056 -20.9199 176.214
237 240 249
2 0 9837 0 1 9766 0
-22.5505 -18.5064 196.854
56 70 30
2 0 8257 0 2 9206 0
-7.11367 21.7031 175.229
179 178 192
2 0 7031 0 1 7566 0
-62.0335 17.7212 178.736
194 193 209
2 0 9919 0 1 9809 0
-10.0231 22.6649 174.713
100 110 138
2 0 8554 0 2 9275 0
-45.7347 21.3256 177.49
217 212 218
3 0 7512 0 2 8326 0 1 7921 0
17.7253 27.1086 174.06
57 68 95
2 2 3290 0 1 321 0
-55.6984 14.2357 177.199
116 122 110
2 0 8611 0 1 8967 0
-76.3776 0.57378 178.707
118 127 124
2 0 8722 0 1 9145 0
-97.5139 -39.7053 175.458
137 142 167
2 0 6064 0 1 7704 0
-47.9817 -26.386 199.229
242 241 145
2 0 3114 0 2 3488 0
-17.5559 -42.0237 178.106
210 219 236
2 0 9222 0 2 9468 0
-10.9346 42.778 186.619
164 153 68
2 2 4335 0 1 4983 0
-27.8033 21.8656 175.902
123 129 153
2 2 4644 0 1 4736 0
-101.457 -27.6471 175.978
234 234 239
2 0 603 0 1 3084 0
-39.9948 -28.6742 199.195
255 255 159
2 0 6508 0 2 6964 0
-70.0857 22.43 178.251
130 136 164
2 0 7703 0 1 8374 0
-76.4918 20.6313 178.268
119 131 108
2 0 8566 0 1 8811 0
-38.1107 -29.355 198.612
228 228 133
2 0 5765 0 2 6381 0
-16.2134 20.0418 175.433
45 75 49
3 0 9207 0 2 9904 0 1 9445 0
-65.305 20.5801 177.616
92 111 73
2 0 9583 0 1 9629 0
-19.1127 21.2223 175.833
200 195 204
2 0 6088 0 1 6236 0
-33.5464 21.8399 176.464
143 145 165
3 0 4937 0 2 3292 0 1 3756 0
-30.9147 21.8169 176.247
136 141 161
3 0 1493 0 2 1545 0 1 1500 0
-18.2488 54.0611 199.356
57 61 38
2 0 9193 0 1 9190 0
-78.5781 2.20634 178.709
87 99 85
2 0 9910 0 1 9848 0
-24.9125 23.9171 175.848
110 118 152
2 2 4525 0 1 3826 0
-45.3843 37.1015 177.801
162 172 176
2 0 4261 0 1 1769 0
-2.68404 22.7661 174.483
92 97 118
3 0 3301 0 2 1420 0 1 2661 0
-80.4906 -16.0674 177.294
89 108 76
2 0 9269 0 1 9521 0
-72.6001 -3.46143 177.305
88 85 86
2 0 2937 0 1 3296 0
-0.0276561 9.29889 197.256
169 158 83
2 0 9651 0 2 9975 0
-24.2184 30.2339 175.86
129 137 106
2 2 1086 0 1 157 0
-81.9814 7.54603 177.925
235 235 246
2 0 9253 0 1 9459 0
-6.44639 22.4549 174.715
115 119 132
3 0 4711 0 2 5678 0 1 4413 0
-24.7909 22.0856 175.793
76 90 118
2 2 4422 0 1 2023 0
19.7095 33.6704 173.582
193 182 186
3 0 7606 0 2 8163 0 1 7537 0
-79.8416 13.7585 178.194
91 119 96
2 0 9767 0 1 9718 0
-42.2031 -26.9787 199.045
177 186 129
2 0 2039 0 2 3125 0
-9.06837 22.9528 174.684
156 162 187
2 0 3600 0 2 4856 0
-6.74756 -48.9798 185.139
44 50 79
2 0 3311 0 2 4865 0
-78.8475 16.448 178.039
88 112 88
2 0 8743 0 1 9022 0
-48.216 -24.8923 199.478
255 255 144
2 0 8220 0 2 9167 0
-25.1626 -28.593 195.922
39 44 26
2 0 7480 0 2 7428 0
-39.2763 -22.9825 197.618
119 135 96
2 0 7508 0 2 8128 0
-43.743 -23.5593 199.649
255 255 155
2 0 5666 0 2 5946 0
-101.854 -11.2266 177.311
117 122 92
2 0 9954 0 1 9860 0
-97.5139 -39.7053 175.458
137 142 167
2 0 6063 0 1 7703 0
-33.4821 19.9822 176.673
60 89 59
2 0 9311 0 1 9324 0
-52.4103 17.9461 177.245
202 201 219
2 0 9872 0 1 9761 0
-39.1931 14.9718 176.558
63 97 64
3 0 9898 0 2 10245 0 1 9777 0
-17.2132 -42.5588 178.12
213 218 237
2 0 4509 0 2 4195 0
-38.6582 -28.8934 198.58
60 72 47
2 0 7693 0 2 8641 0
-51.302 15.2204 177.737
80 105 69
3 0 9738 0 2 10158 0 1 9669 0
-20.11 21.1702 175.69
197 196 204
3 0 7255 0 2 7364 0 1 7666 0
-21.4757 15.3593 176.266
50 85 52
2 0 9229 0 1 9337 0
-28.2306 23.895 176.208
145 150 175
2 0 3318 0 2 607 0
-81.1621 10.962 177.977
190 192 205
2 0 9718 0 1 9751 0
-26.0732 24.0394 176.032
107 117 147
3 0 6356 0 2 7313 0 1 6834 0
25.212 34.8958 173.757
94 104 134
2 2 3080 0 1 2267 0
-48.9326 -25.5662 199.737
248 245 128
2 0 2211 0 2 2713 0
7.26473 4.92821 200.095
39 51 39
2 0 9763 0 2 10071 0
-13.306 21.8743 175.495
130 135 162
2 0 2913 0 1 594 0
-17.8199 -5.58814 190.913
58 77 55
2 0 7460 0 2 8624 0
-109.572 -22.4975 176.477
98 115 83
2 0 9514 0 1 9588 0
-74.8604 16.6367 178.182
83 104 86
2 0 7917 0 1 8828 0
-19.9989 17.7211 175.505
164 174 199
2 0 9873 0 1 9722 0
-5.12909 -36.1793 181.188
137 175 228
2 0 8031 0 2 3519 0
-33.1226 47.7113 199.186
97 104 61
2 2 9628 0 1 9102 0
8.62925 3.56143 201.465
116 134 94
2 0 9475 0 2 9933 0
-15.9378 21.6543 175.532
152 156 174
2 0 9472 0 1 9426 0
-8.58902 23.302 174.686
97 106 136
2 0 3472 0 2 4960 0
-42.8948 -23.595 199.526
253 251 149
2 0 5846 0 2 7304 0
19.3284 33.0348 173.503
124 127 146
3 0 5545 0 2 5564 0 1 2894 0
-101.21 -26.5727 175.961
227 230 241
2 0 6925 0 1 7760 0
-49.1217 10.2403 179.349
159 162 112
3 0 9381 0 2 10021 0 1 9507 0
-33.6089 -25.0335 195.954
136 156 107
2 0 8694 0 2 9726 0
-39.2763 -22.9825 197.618
119 135 96
2 0 7510 0 2 8127 0
-53.7441 19.9414 178.482
100 113 85
2 0 9373 0 2 10047 0
-78.115 -5.58747 177.692
83 115 76
2 0 10051 0 1 9945 0
-74.8311 3.80246 178.397
98 99 94
2 0 4148 0 1 6149 0
-44.2946 29.298 177.478
213 210 220
3 0 7275 0 2 6901 0 1 6778 0
-82.3472 -14.6224 177.235
208 207 214
2 0 9331 0 1 9481 0
-80.4291 12.3058 177.94
108 126 112
2 0 8708 0 1 9103 0
-52.4987 19.9317 178.055
176 154 147
3 0 6720 0 2 8145 0 1 7694 0
-37.8256 19.9292 176.973
73 97 63
2 0 9234 0 1 9264 0
-101.835 -20.5694 176.22
219 218 227
2 0 9844 0 1 9800 0
-38.8494 -27.8549 198.832
254 252 155
2 0 4267 0 2 4759 0
-81.3683 -42.8376 176.161
103 109 95
2 0 8401 0 1 9088 0
-26.0974 21.279 176.263
206 203 210
2 0 7720 0 1 8058 0
-8.15973 22.3396 174.69
73 82 111
2 2 164 0 1 571 0
-57.7463 9.46176 177.2
184 184 196
2 0 9528 0 1 9601 0
12.0983 -9.97745 204.739
41 57 27
2 0 9345 0 2 9876 0
-27.9777 21.1643 176.258
208 203 210
2 0 7330 0 1 7664 0
5.34343 4.12658 200.214
119 133 80
2 0 9867 0 2 10185 0
-44.4416 21.3089 177.43
222 211 219
2 2 7940 0 1 7176 0
6.66799 30.9018 174.137
106 109 147
3 0 4074 0 2 2694 0 1 2950 0
5.99722 31.1081 174.181
186 181 188
3 0 7547 0 2 8140 0 1 7705 0
-42.3896 -22.2456 198
135 155 104
2 0 8009 0 2 9217 0
-75.3594 -9.69817 177.196
195 194 210
2 0 9093 0 1 9293 0
-17.2197 -41.616 178.022
213 222 239
2 0 5625 0 2 2336 0
-5.12909 -36.1793 181.188
137 175 228
2 0 8032 0 2 3518 0
-12.6005 -12.7913 197.609
111 131 103
2 0 5562 0 2 6026 0
-4.68153 22.6048 174.912
124 127 146
2 0 5518 0 1 5574 0
-43.031 -24.4736 199.436
233 233 120
2 0 7245 0 2 7927 0
-16.5313 -43.5376 178.256
108 118 103
2 0 9290 0 2 9810 0
-80.4906 -16.0674 177.294
89 108 76
2 0 9268 0 1 9520 0
-37.0226 17.4878 176.628
193 198 217
3 0 9812 0 2 10175 0 1 9683 0
-48.9252 23.1184 179.716
204 205 226
2 0 10125 0 1 10011 0
-33.0018 21.2828 176.495
215 210 214
2 0 7775 0 1 8143 0
-45.5987 16.5742 177.388
199 198 212
3 0 10015 0 2 10308 0 1 9897 0
15.7905 21.9207 174.42
99 111 121
2 2 3145 0 1 4527 0
16.2218 26.6144 173.967
69 78 107
2 2 2751 0 1 2724 0
-24.9125 23.9171 175.848
110 118 152
2 2 4526 0 1 3827 0
-1.76831 39.0159 185.971
157 149 84
2 0 9863 0 1 9539 0
-30.279 15.0592 176.277
67 102 70
2 0 9823 0 1 9687 0
12.332 7.17795 202.917
57 73 45
2 0 8126 0 2 8739 0
-80.9654 -3.18591 177.261
95 117 85
2 0 8578 0 1 8573 0
7.63198 24.4152 174.185
149 158 177
2 2 6122 0 1 5234 0
-34.4516 23.7819 176.674
151 154 173
3 0 2893 0 2 1198 0 1 1076 0
-23.9853 21.7987 175.828
114 121 148
3 0 5046 0 2 4238 0 1 4845 0
-57.2904 15.342 177.553
72 104 62
2 0 9633 0 1 9602 0
-79.209 11.797 178.228
226 226 236
2 0 597 0 1 3381 0
5.97392 -0.629912 201.814
106 122 93
2 0 9921 0 2 10233 0
-43.3647 14.4176 176.679
81 107 77
2 0 9600 0 1 9495 0
-38.6374 28.5911 176.977
118 119 142
2 0 94 0 1 513 0
12.0983 -9.97745 204.739
41 57 27
2 0 9346 0 2 9877 0
-24.3911 24.2387 179.777
240 213 187
2 0 10124 0 1 10001 0
-101.406 -9.76742 176.882
120 124 94
2 0 7711 0 1 8782 0
-21.576 30.8885 175.658
84 100 64
2 0 9984 0 1 9832 0
-16.4698 -14.2338 195.736
36 57 36
2 0 5236 0 2 5683 0
-38.7206 -28.3284 198.875
88 101 53
2 0 2874 0 2 4572 0
-8.35164 21.6252 175.256
181 179 190
2 0 7433 0 1 7568 0
-79.601 -3.83453 178.009
85 111 74
2 0 9817 0 1 9802 0
-62.0478 21.4688 177.905
223 214 219
2 0 5624 0 1 6551 0
-78.5346 12.322 178.169
229 232 244
2 0 5068 0 1 6984 0
-79.0875 -9.53785 177.419
89 118 72
2 0 10002 0 1 9899 0
-26.298 22.3313 175.996
107 120 149
3 0 7811 0 2 8678 0 1 8297 0
-38.0849 -28.4088 198.631
235 235 139
2 0 6352 0 2 7007 0
-0.944267 -10.3477 199.675
139 155 92
2 0 9744 0 2 10115 0
-74.4488 -4.36604 177.374
75 97 74
2 0 9645 0 1 9670 0
13.6695 33.1834 174.081
80 88 64
2 0 8947 0 1 8973 0
-80.3132 10.2512 178.11
119 140 133
2 0 5860 0 1 6877 0
12.3589 31.7053 173.888
88 103 139
3 0 3528 0 2 629 0 1 131 0
-69.7384 21.5155 178.182
217 207 215
2 0 7904 0 1 8521 0
-21.2801 21.2566 175.533
200 197 204
3 0 7064 0 2 7854 0 1 7610 0
-50.2116 20.0897 177.477
88 109 70
3 0 9731 0 2 10218 0 1 9717 0
19.3224 32.9595 173.552
124 127 146
2 0 5544 0 2 5565 0
26.025 35.3351 173.791
179 173 176
2 2 8770 0 1 8048 0
-16.4413 53.4156 199.209
106 114 40
2 0 5354 0 1 4666 0
-56.2462 19.9965 179.138
89 108 72
2 0 9481 0 1 9522 0
-58.6456 22.3339 177.92
125 128 159
2 0 6829 0 1 7582 0
-22.781 57.0408 199.218
62 80 41
2 2 10331 0 1 9909 0
-83.419 15.9226 178.025
224 226 238
2 0 5796 0 1 5254 0
