# Bundle file v0.3
5 70
0 0 0
0 0 0
0 0 0
0 0 0
0 0 0
0 0 0
0 0 0
0 0 0
0 0 0
0 0 0
0 0 0
0 0 0
0 0 0
0 0 0
0 0 0
4161.19901445 0.000412976481429 0.000211683060891
0.9976923775590812 0.05415114166803691 0.040958193521637494
0.053830278778692155 -0.9985104590800548 0.008897426276541562
0.0413789904071619 -0.0066721034004580395 -0.9991212449893645
-0.4856883849924979 0.0020138819242792464 2.4197210035724734
4161.19901445 0.000412976481429 0.000211683060891
-0.9734186624338905 0.19963532413600316 0.11225793950776314
0.19289806183864266 0.9788537265044829 -0.06808612081167781
-0.12347649721429113 -0.044621961693768586 -0.9913437522727871
0.09164411747741524 0.04830009677186685 2.465815928870822
0.384354376262 0.0444583511293 2.43753025366
59 77 53
2 4 10378 1019.572416 -181.7757504 3 10293 1628.321472 -45.12452256
0.384338444863 0.0444518750856 2.43752925132
163 157 119
2 4 10125 2174.049216 -910.763712 3 10039 495.64656 353.146032
0.384347845774 0.0444628298829 2.43752872568
255 255 235
2 4 9253 1596.53664 60.68592 3 9318 1211.09904 -385.3974528
0.384345186651 0.0444579987612 2.43752915876
21 25 28
2 4 10430 1727.054208 -339.3799488 3 10371 996.174432 -51.1396992
0.384363630254 0.0444755067546 2.43753016017
101 106 75
2 4 7119 592.964352 1141.737408 3 6855 2350.745856 -1208.636352
0.384343793368 0.0444661173162 2.43752651215
169 160 102
2 4 4817 2020.070016 267.0567264 3 2057 963.048096 -661.160736
0.38435523112 0.0444691657075 2.43753090254
150 170 142
2 4 8335 1098.437184 589.194432 3 7860 1710.68688 -783.007488
0.384343308959 0.0444528603767 2.43752908028
42 49 41
2 4 10411 1805.551776 -753.949728 3 10367 844.452288 306.3015936
0.384341027885 0.0444558668627 2.43752913294
39 61 43
2 4 10061 2025.274464 -567.2016 3 9706 693.797472 81.0243936
0.384352477704 0.0444782439561 2.43752775849
78 89 63
2 4 7171 1471.561344 1269.273312 3 5194 1626.2064 -1492.051104
0.384361984583 0.0444675384018 2.43753103164
201 213 169
2 4 9426 598.002336 563.642208 3 9261 2174.915808 -643.172832
0.38435703324 0.0444327832394 2.43755711775
197 189 212
2 4 7902 466.9941888 -1447.659072 3 7351 1241.003808 1220.024448
0.384335781707 0.0444444328978 2.43752969161
70 87 63
2 4 10109 2272.155264 -1528.144416 3 9875 280.254384 851.97744
0.384356617464 0.0444697026414 2.43753059425
47 71 58
2 4 9532 1009.834272 654.169248 3 9411 1817.561664 -814.18032
0.38434169411 0.0444647432182 2.43752760876
244 236 175
2 4 9618 2139.507936 122.2124832 3 9592 789.8472 -553.899168
0.384382069919 0.0444521518752 2.43756247208
170 170 197
2 4 5813 -478.9644192 -241.7953248 3 6296 2384.606592 338.8237632
0.384346060747 0.0444551015788 2.43752900253
255 254 191
2 4 9947 1621.57968 -547.284672 3 9753 1050.329088 152.0457696
0.384345318584 0.0444547510311 2.43752904751
181 173 123
2 4 10452 1674.622944 -579.789216 3 10410 994.970016 179.8016832
0.384344933433 0.044453634509 2.43752897399
65 75 48
2 4 8640 1690.848288 -670.805856 3 8952 964.3896 257.1805152
0.38435169149 0.0444566776907 2.43752962967
249 246 206
2 4 10041 1203.040224 -338.7821472 3 9995 1445.857344 65.026224
0.38435362745 0.0444589951862 2.43753006686
58 70 53
2 4 9296 1085.991552 -142.3482624 3 8502 1581.829056 -89.2472256
0.384345211924 0.0444551539245 2.43752891869
72 86 61
2 4 9750 1690.672032 -555.79392 3 8983 990.99936 146.838384
0.384345186651 0.0444579987612 2.43752915876
21 25 28
2 4 10429 1727.054208 -339.3799488 3 10372 996.174432 -51.1396992
0.384345318584 0.0444547510311 2.43752904751
181 173 123
2 4 10451 1674.622944 -579.789216 3 10411 994.970016 179.8016832
0.384352686961 0.0444583504576 2.4375298031
255 252 192
2 4 10395 1148.87088 -207.1859904 3 10332 1519.32672 -53.6170752
0.38433908805 0.0444549735031 2.43752841295
243 240 180
2 4 10314 2190.676032 -672.12288 3 10283 558.188064 137.107584
0.384340923078 0.044457876395 2.43752839008
142 165 129
2 4 9491 2082.83184 -419.3526816 3 8999 700.59312 -62.502336
0.384360980467 0.0444695902804 2.4375308289
109 138 108
2 4 10335 695.589408 686.091168 3 10242 2118.76848 -799.68816
0.384353764353 0.0444598242427 2.437530273
89 105 71
2 4 9083 1085.281632 -80.546544 3 8900 1589.520672 -144.87264
0.384343465547 0.044468328565 2.43752706375
228 219 153
2 4 10405 2061.343296 423.8413344 3 10354 940.012416 -819.056736
0.3843531431 0.0444791920909 2.43752835308
79 86 69
2 4 9501 1423.428768 1326.747456 3 9413 1663.425792 -1544.306112
0.384352686961 0.0444583504576 2.4375298031
255 252 192
2 4 10394 1148.87088 -207.1859904 3 10331 1519.32672 -53.6170752
0.384341336744 0.0444671607143 2.43752792449
255 242 183
2 4 5170 2191.924512 299.152944 3 2741 769.793184 -724.31424
0.384359438923 0.0444693437667 2.43753182103
25 40 35
2 4 10331 796.471488 642.82032 3 10285 1978.635168 -766.082016
0.384352286086 0.0444595088511 2.43752969048
31 40 33
2 4 10023 1196.587296 -126.3427488 3 9798 1497.353472 -133.8752448
0.384351708836 0.0444780722736 2.43752772791
255 255 208
2 4 1614 1528.795584 1248.1128 3 3251 1569.868128 -1483.115904
0.384341343333 0.0444507286801 2.43752859878
142 159 123
2 4 9831 1943.85888 -960.183936 3 9610 701.81712 446.2625664
0.384340014551 0.0444684989305 2.43752764821
255 252 179
2 4 9558 2326.770144 384.3854496 3 8816 682.076448 -829.685952
0.384344814119 0.0444541392427 2.43752873205
233 214 147
2 4 9874 1712.0088 -639.83376 3 9721 961.319808 217.7760384
0.384358261162 0.0444647504658 2.43753128769
43 64 47
2 4 10190 820.143648 318.8745216 3 10216 1896.304032 -464.1882912
0.384350326559 0.0444492819164 2.43753096889
62 84 65
2 4 9214 1187.10864 -883.04256 3 8729 1295.7264 574.907904
0.384339406454 0.0444433406337 2.43753132511
48 67 51
2 4 7683 1922.913792 -1507.018176 3 7287 519.470496 921.667104
0.384340477722 0.0444671884016 2.43752783469
246 234 176
2 4 9387 2264.635008 288.207936 3 8944 708.926112 -732.177216
0.384352166692 0.0444529094209 2.43753030019
76 93 75
2 4 5047 1106.882784 -606.05136 3 1764 1451.659104 325.7103168
0.384361498078 0.0444678957518 2.43753130274
39 54 48
2 4 9356 635.422464 573.331392 3 9074 2133.500544 -671.128992
0.384352197231 0.0444781694361 2.43752755163
255 254 206
2 4 6016 1495.80144 1265.669856 3 3558 1610.56368 -1493.6472
0.384341995 0.0444576885692 2.43752893519
19 24 25
2 4 10247 1979.487072 -411.709536 3 10086 770.77728 -40.34485152
0.384345715748 0.0444552925081 2.4375290751
96 103 61
2 4 4741 1649.721888 -537.247872 3 3988 1025.286048 138.0197088
0.384354428533 0.0444786700534 2.4375282069
43 60 41
2 4 8220 1322.013024 1313.396064 3 7799 1758.662784 -1501.931232
0.384339236675 0.0444560006408 2.43752882437
31 45 32
2 4 10024 2179.498464 -588.979008 3 9845 569.962944 63.5226624
0.384353829965 0.0444604312552 2.43753014872
255 255 229
2 4 9420 1089.87408 -37.25792352 3 9314 1599.439968 -188.9547552
0.384347955242 0.0444556443691 2.43752952756
60 87 64
2 4 4913 1473.37776 -471.3731712 3 3152 1178.462304 124.1439552
0.384343328744 0.0444591030277 2.43752900925
232 236 186
2 4 10420 1890.952704 -287.4720672 3 10362 870.308064 -138.4579008
0.3843817874 0.0444519256913 2.43756248883
69 68 85
2 4 3213 -468.576576 -254.0647008 3 2409 2370.408192 348.7210272
0.384340014551 0.0444684989305 2.43752764821
255 252 179
2 4 9556 2326.770144 384.3854496 3 8815 682.076448 -829.685952
0.384344107258 0.0444728717957 2.43752761929
180 172 118
2 4 10193 2056.182912 768.148128 3 10040 996.600384 -1135.989504
0.384362546975 0.0444757426712 2.43752977086
58 68 44
2 4 10166 673.621056 1155.059424 3 10198 2287.910592 -1236.734496
0.384351286433 0.0444769828616 2.43752810642
255 255 193
2 4 4995 1538.646336 1150.496352 3 5031 1526.13216 -1399.443264
0.384345318584 0.0444547510311 2.43752904751
181 173 123
2 4 10450 1674.622944 -579.789216 3 10409 994.970016 179.8016832
0.384361021578 0.0444639986395 2.43753071619
36 44 35
2 4 9666 617.522688 308.4715008 3 9663 2105.040096 -407.5655616
0.384381453025 0.0444517459105 2.43756242032
171 171 196
2 4 6074 -456.4183392 -265.0772736 3 6170 2355.974784 356.3059104
0.384349652131 0.0444587066542 2.43752901157
34 38 32
2 4 10000 1394.738208 -220.9574592 3 9806 1320.343488 -87.0073056
0.384363141992 0.0444744100893 2.43752981569
65 80 59
2 4 10137 613.057536 1068.973056 3 10066 2324.376 -1140.244128
0.384336607821 0.044444866949 2.43752930026
251 244 164
2 4 9370 2224.287072 -1486.787904 3 9028 340.4223072 832.006656
0.384356492044 0.0444321483033 2.43755708917
182 176 200
2 4 8035 487.8770976 -1485.338688 3 8048 1213.316928 1250.330688
0.384339617493 0.0444693558098 2.43752817895
88 92 65
2 4 8809 2352.547584 438.8069376 3 8244 652.034592 -882.171072
0.384340179268 0.0444587794812 2.43752839261
254 251 187
2 4 5461 2155.581504 -359.9460864 3 3595 650.565792 -127.18584
0.384358261162 0.0444647504658 2.43753128769
43 64 47
2 4 10191 820.143648 318.8745216 3 10215 1896.304032 -464.1882912
0.384353376338 0.0444530147443 2.43753067274
50 70 59
2 4 6921 1015.459776 -577.70352 3 5717 1528.854336 321.5492064
0.384357535919 0.0444757298348 2.43752920554
124 139 98
2 4 10087 1038.040128 1110.78 3 9931 1945.151424 -1262.443392
