# Bundle file v0.3
5 248
4133.2186624 0.00804017729735 0.00389636307108
0.6967316939960773 0.7137717959211055 -0.07137765707079645
-0.7089253948532551 0.700338323997739 0.08337275617486889
0.10949763062967556 -0.0074870079202237 0.9939588591078051
45.573941100897905 -26.75147326081209 -302.52379325511674
4133.2186624 0.00804017729735 0.00389636307108
0.7325106605297502 0.6673148938941333 0.13460670338928485
-0.6765188538884419 0.7356051874036997 0.0347454831343148
-0.07583121088139343 -0.11651540950376263 0.9902897489141408
5.402053811627263 -68.26882853011189 -306.90937872384745
4133.2186624 0.00804017729735 0.00389636307108
-0.2983191530883307 -0.9498577004479648 0.09368047715701378
0.9542277099196056 -0.2946107299345969 0.051516943125439016
-0.02133449137538896 0.10476099802459383 0.9942685616927875
5.965079731652135 -4.312942665466689 -307.91624161464347
0 0 0
0 0 0
0 0 0
0 0 0
0 0 0
0 0 0
0 0 0
0 0 0
0 0 0
0 0 0
-37.1321038954 -22.9367577429 197.773319739
126 146 95
2 0 8614 -405.6032448 -0.634134816 2 9109 2105.81856 -837.690912
-55.8043727342 14.0464681136 177.851853408
111 119 106
3 0 430 129.8805984 1168.205184 2 3659 839.874528 -1697.923008 1 3199 -68.4122976 -447.6735936
13.1428730798 32.3839138137 173.843338295
182 176 200
3 0 7821 2106.518688 37.58845248 2 7816 -389.161008 242.5444128 1 7773 1785.223584 -1404.1728
-101.834720818 -20.5693656094 176.219647783
219 218 227
2 0 9842 -1575.23904 1369.342656 1 9798 -2005.852032 -284.227488
-15.09919757 -42.3605942558 178.111715065
182 187 207
2 0 9748 -256.1680224 -1008.9432 2 10112 2068.8048 87.0082848
-13.2328978008 -12.874331765 197.328458471
62 84 61
2 0 5154 500.332032 -378.1048608 2 5287 1490.557824 -105.721776
-11.443369595 21.8735890348 174.881321725
167 167 185
3 0 9519 1293.268608 363.8090304 2 9981 152.9432064 -394.967664 1 9543 1071.616896 -1177.306848
-79.2090019851 11.7969990888 178.227509819
226 226 236
2 0 596 -430.422048 1620.394848 1 3380 -681.268608 6.56475264
-16.2722938049 22.2818608619 175.763947362
178 184 210
2 0 6489 1197.51264 479.1901248 1 7095 987.768 -1071.29376
-25.7067748441 14.842572324 175.890873557
54 87 56
2 0 9811 814.508352 523.661472 1 9713 628.210656 -1056.933792
-21.2490580547 19.8140978311 176.031437244
57 91 58
2 0 9356 1029.462336 536.660352 1 9300 829.759392 -1030.740192
24.6925039123 34.9607775197 173.695373395
182 174 176
2 2 7210 -572.02416 561.727872 1 6589 2068.750944 -1565.256096
-42.1966530994 22.0977454245 177.175628812
157 158 180
3 0 7927 609.302304 1053.041472 2 9003 456.1745184 -1350.821088 1 8275 413.1078336 -546.853824
-18.0028898724 21.2915236926 175.516069377
198 195 203
3 0 7004 1130.995584 496.052928 2 7184 236.2094784 -590.859072 1 7754 927.03312 -1060.429536
7.61972250239 33.69447585 174.29083741
153 147 149
2 0 4957 2010.596256 192.0715488 1 3738 1699.773696 -1270.629504
-0.194430670112 -14.7069101883 199.884926641
110 137 83
2 0 8405 824.457024 -807.884064 2 9121 1447.03728 377.741088
-80.4165175442 16.6890025419 178.121054495
100 117 99
2 0 7932 -348.4096416 1748.80224 1 8594 -600.092928 151.1091648
-26.8542804495 -29.4455995968 195.613828007
67 85 46
2 0 5558 -303.9848064 -446.2400448 2 6464 2154.205728 -396.9833472
-80.8050017547 8.47008972029 178.304183187
199 204 211
2 0 638 -537.600384 1582.822944 1 2900 -796.35888 -38.58630624
-96.7706269266 -6.33749449926 177.050473609
168 170 191
2 0 6667 -1179.921312 1575.743328 1 7787 -1536.110208 -43.47569664
-56.6320671976 12.6277823238 177.357130822
68 100 61
2 0 9606 77.7024576 1155.695904 1 9560 -122.2658496 -467.0069184
-49.4229450048 21.3661021399 177.442911835
218 207 216
2 0 7413 431.0198496 1194.668064 1 7896 233.5494816 -412.037568
-21.5980453231 28.3235155955 175.619751633
141 140 166
3 0 8172 1208.097792 733.146624 2 8963 62.4367296 -767.149344 1 8172 987.978528 -820.187712
-69.0116715372 20.3499032745 178.59495933
90 112 76
2 0 9257 -25.97146848 1599.043392 1 9315 -241.6988736 -11.99794176
-69.830926494 23.5608569055 178.38068204
155 160 182
2 0 5802 29.98755936 1683.484704 1 6842 -193.4806176 81.4851072
-17.7920679239 32.5197692385 175.864994259
162 165 177
2 0 5506 1396.623168 742.272768 1 3953 1154.824416 -801.881568
-18.62870876 -17.3786956522 195.035716878
28 33 27
2 0 7189 233.5421376 -351.8446752 2 7677 1660.400064 -246.3143328
-82.1974078272 2.47545644312 177.608073073
208 211 228
2 0 9078 -693.449856 1473.216192 1 9338 -966.573216 -154.1853216
-28.0230068853 17.4733304419 176.487118995
173 179 203
2 0 9909 821.808288 636.494688 1 9775 636.524064 -949.427424
7.87269848082 31.3073815221 174.257833495
186 182 188
2 0 9077 1960.980192 132.2155008 1 9000 1660.909248 -1330.14528
-17.0520309213 22.1552929145 175.383307928
101 111 146
3 0 7919 1170.824544 497.203488 2 8120 201.4092 -565.962912 1 7817 962.901216 -1058.089248
-45.3842761395 37.1014602068 177.801071791
162 172 176
2 0 4262 876.878496 1460.467008 1 1768 653.841216 -128.7643104
-19.3664514276 55.0785634605 200.911065738
216 209 92
2 0 9639 2260.811232 1672.174944 1 9249 2001.592512 -288.1447776
-41.5440837551 19.9672270193 177.07664453
73 103 64
2 0 9619 575.86752 991.53792 1 9538 382.7257056 -611.441856
-32.7231159087 13.8331395321 174.558671393
132 142 132
3 0 9434 631.863072 642.223008 2 9918 597.60576 -957.24144 1 9280 440.6649696 -922.837248
17.7252758251 27.1086331218 174.060081624
57 68 95
2 2 3291 -274.3199424 423.6004512 1 320 1786.114656 -1619.121888
-36.6141762745 21.2366601946 176.854407209
220 210 216
2 0 7814 713.386368 910.430784 1 7892 521.389728 -683.217216
-82.3796539988 -12.3430651003 177.267453773
219 218 226
2 0 9369 -1017.271296 1156.371552 1 9505 -1316.19168 -517.477824
-89.3916386627 -41.9306648089 175.669160299
119 121 142
2 0 7207 -1777.22352 661.953888 1 8007 -2207.31264 -1114.407936
-77.2131860353 -13.3228532135 177.165381291
205 205 217
2 0 9446 -930.572928 1026.64224 1 9604 -1208.827296 -656.852256
-55.7342203081 14.1298666678 177.835407306
116 122 110
3 0 8612 133.4414592 1168.96896 2 9546 836.1144 -1696.287744 1 8968 -65.5608672 -447.7406688
-101.854021609 -11.2266424772 177.311012897
117 122 92
2 0 9955 -1395.624384 1577.789856 1 9859 -1783.480608 -47.37154176
-48.2159837837 -24.8923026889 199.477503613
255 255 144
2 0 8219 -757.220256 250.6796064 2 9168 2339.656416 -1220.969376
-24.6094136753 21.25643892 175.983938193
202 200 204
2 0 7473 983.944224 642.08592 1 7578 783.888768 -927.15552
-55.7678252837 14.1641203235 177.155205906
111 119 106
2 0 432 129.8805984 1168.205184 1 3197 -68.4122976 -447.6735936
-45.0655527418 20.2996398478 177.422265481
84 107 73
3 0 9495 506.17296 1075.886208 2 10083 539.700768 -1425.147264 1 9612 311.050224 -530.2368
-21.355922646 24.871454938 175.633280364
142 146 161
2 2 384 164.0194272 -729.21024 1 422 924.252192 -906.489504
-53.3881434601 14.7834486325 177.930250397
85 112 72
3 0 9935 201.9223008 1133.27712 2 10263 796.202208 -1631.51856 1 9819 3.802762368 -481.237632
-29.6193045641 21.214660271 176.409609271
208 204 211
2 0 8727 870.259104 754.047648 1 8658 675.114336 -827.20368
-78.3266540397 7.81716688135 177.832607022
94 104 93
2 0 9974 -487.8555552 1513.985184 1 9864 -757.450368 -113.0799744
-17.9427585235 56.9443159969 199.689025503
75 86 45
2 2 10120 -970.357824 -1124.41536 1 9456 2066.165856 -269.6046048
-33.8412681325 30.4527852057 177.738676685
132 105 86
2 0 10096 984.835296 1062.451584 1 9958 784.55952 -524.645568
-21.936905019 28.5050370341 175.646790394
112 113 138
3 0 3508 1204.974144 745.31808 2 5324 59.9701248 -779.325696 1 3481 983.65536 -809.783712
-28.2305722169 23.8949794975 176.207790379
145 150 175
2 0 3317 960.727392 783.937728 2 608 261.497808 -929.461536
-3.51410999252 22.9078723798 174.596176334
114 116 139
3 0 5035 1497.852864 205.49736 2 5895 48.31970112 -167.3090496 1 4650 1264.279392 -1305.968832
-75.3593851021 -9.6981725282 177.196374945
195 194 210
2 0 9094 -813.744576 1065.560544 1 9292 -1077.105312 -606.678048
-82.3796539988 -12.3430651003 177.267453773
219 218 226
2 0 9368 -1017.271296 1156.371552 1 9504 -1316.19168 -517.477824
-26.9935679017 19.7094613137 176.643819916
62 91 60
2 0 9646 897.108768 664.945344 1 9579 706.135392 -918.46512
-14.9435815404 22.6876292237 175.816949423
99 112 146
2 0 5895 1237.7088 458.9441856 1 5004 1026.040032 -1088.889984
-25.2301440445 21.963209376 176.188989862
114 125 155
2 0 7127 986.51952 672.867072 1 7658 786.508128 -898.763616
-18.4657135659 -6.10668441111 191.766923491
112 132 102
2 0 7697 531.176832 -68.7976128 2 8284 1240.67088 -358.80336
-43.2012880837 33.274713694 176.714126387
62 99 65
2 0 10105 838.596672 1316.651904 1 9955 612.56304 -264.2645376
-17.9427585235 56.9443159969 199.689025503
75 86 45
2 2 10121 -970.357824 -1124.41536 1 9455 2066.165856 -269.6046048
18.2546123499 25.1810522499 173.817946074
156 158 163
2 0 1052 2065.171968 -245.9412576 1 850 1760.890464 -1669.864032
-74.6819815623 4.56005581735 178.630786106
200 196 122
2 0 7015 -496.62576 1375.296192 1 7283 -734.62032 -270.6014304
-12.4934736283 23.0277561353 175.150438124
97 105 139
3 0 3894 1296.676224 411.7203072 2 2863 132.4216224 -438.2478144 1 2818 1077.310944 -1127.01024
-15.8300958546 -14.3807375828 196.041162555
108 135 101
2 0 4913 387.795024 -347.5068192 2 6712 1548.232704 -181.1877408
-30.9146844444 21.8169210276 176.247457714
136 141 161
3 0 1494 852.937056 796.79952 2 1544 349.54992 -990.891648 1 1501 656.01504 -785.896128
-17.1047993524 21.2161096886 175.588936886
202 196 206
2 0 7295 1153.003104 472.850784 1 7771 946.186272 -1078.44192
-30.9226567925 19.854468801 176.608625022
63 94 61
2 0 9502 811.174176 754.194528 1 9458 619.373376 -833.744736
-24.7909328716 22.0856332007 175.793152714
76 90 118
2 2 4423 280.9011456 -806.669856 1 2024 794.405376 -902.783232
-43.0486146278 -25.6792991379 199.159715417
59 77 43
2 0 9306 -643.608576 91.9106496 2 9693 2297.448 -1022.230944
-47.8303233806 16.0594983363 176.243320876
111 130 109
2 0 8756 349.5225024 1032.39504 1 8708 149.545872 -569.850336
-45.9209239269 15.2717921373 177.237632574
206 205 219
3 0 9241 374.6145024 981.13392 2 9883 699.354432 -1395.8496 1 9222 185.022288 -629.855712
-18.3499794864 22.2238544311 175.353781384
105 114 147
3 0 8616 1144.865952 526.02624 2 9411 211.4229888 -607.823712 1 8204 933.432192 -1030.862592
-36.6848920549 -24.3090406438 197.706164587
142 159 112
2 0 4192 -431.7963552 -46.43640576 2 5563 2144.49696 -802.96848
10.2029356569 8.31493847879 202.384773251
40 58 32
2 0 7625 1825.958304 -471.0284928 2 9169 545.0472 516.20976
-1.38787929145 -53.7221635566 184.318315828
121 127 147
2 0 2049 -236.2481568 -1676.361024 2 1175 2377.22832 617.7528
14.4591377879 32.5659304421 173.940136362
197 189 212
3 0 7285 2146.313376 9.16330464 2 7244 -406.047312 277.7167872 1 6740 1817.488224 -1425.651552
-80.9043655298 5.08811150347 178.268962579
252 253 255
2 0 9972 -609.439392 1513.030464 1 9900 -880.109856 -120.541968
-8.73094356169 22.3779882828 174.902443623
90 97 123
3 0 6539 1366.067232 312.13224 2 7474 114.549264 -318.4221312 1 7130 1144.861056 -1216.352448
20.0476804342 34.8667391976 173.128711521
87 90 69
2 0 8423 2324.116512 -68.3804736 1 8798 1960.647264 -1474.640928
-65.2751619019 21.9010114503 178.033825599
153 150 164
2 0 5606 93.6051552 1547.82144 1 6795 -123.1716096 -58.2717024
-101.834720818 -20.5693656094 176.219647783
219 218 227
2 0 9843 -1575.23904 1369.342656 1 9799 -2005.852032 -284.227488
12.3588584258 31.7053382951 173.887768553
88 103 139
3 0 3529 2073.059424 38.7513504 2 630 -361.6670304 223.5479328 1 130 1757.14992 -1405.088352
-17.5559178384 -42.0236678243 178.105820464
210 219 236
2 0 9223 -304.758864 -939.73824 2 9469 2082.826944 15.1827408
8.62925007117 3.56143305685 201.464886058
116 134 94
2 0 9476 1625.476896 -558.932256 2 9932 726.679008 504.625824
-12.2837016639 -44.5002006294 178.245070968
50 75 56
2 0 9966 -242.7936192 -1127.57328 2 10253 2103.620256 187.7616
-24.2692644735 22.2021019024 175.705781628
178 184 208
2 2 4763 272.1544416 -791.46288 1 4067 807.526656 -910.048896
-12.170591485 14.7630684175 177.162975696
48 77 47
2 0 9758 1126.5696 224.1002016 1 9679 949.926816 -1344.064608
-79.9209263689 11.2025306868 178.270791256
205 205 212
2 0 5218 -459.1610784 1622.7792 1 6905 -711.907776 8.20432512
-52.4986947549 19.9317366089 178.054933683
176 154 147
3 0 6719 333.9380448 1230.967008 2 8146 630.208224 -1660.91904 1 7693 135.5648544 -379.6950816
-68.7250685959 22.1412771303 178.182445097
143 147 167
2 0 4313 22.98613248 1626.730272 1 5290 -198.7276608 23.18339232
-59.4133142074 21.532352226 177.854751874
218 209 212
2 0 7137 213.446016 1414.50336 1 7813 6.78752064 -194.0828256
-108.056488949 -20.9198854819 176.213799282
237 240 249
2 0 9837 -1703.303712 1487.816064 1 9766 -2179.23408 -151.5600864
-22.5504839172 -18.5064196667 196.854180262
56 70 30
2 0 8257 97.2722592 -274.406112 2 9206 1774.594368 -370.1258496
-7.11367061297 21.7031378095 175.229277122
179 178 192
2 0 7031 1393.602336 258.5988864 1 7566 1171.730304 -1265.34672
-62.0334615422 17.7212101309 178.736477644
194 193 209
2 0 9919 66.9371328 1396.912032 1 9809 -131.5227168 -227.8089216
-10.0231180054 22.6648671479 174.712932776
100 110 138
2 0 8554 1342.958112 346.6363104 2 9275 119.1657024 -358.911072
-45.7346869712 21.3256215564 177.489497728
217 212 218
3 0 7512 513.061632 1113.86448 2 8326 516.689568 -1456.124256 1 7921 318.9734208 -490.241376
17.7252758251 27.1086331218 174.060081624
57 68 95
2 2 3290 -274.3199424 423.6004512 1 321 1786.114656 -1619.121888
-55.6983510139 14.2357056108 177.198816745
116 122 110
2 0 8611 133.4414592 1168.96896 1 8967 -65.5608672 -447.7406688
-76.3776294099 0.573779558879 178.707485082
118 127 124
2 0 8722 -621.601056 1325.29824 1 9145 -868.173408 -331.41024
-97.5138964157 -39.70534867 175.457938371
137 142 167
2 0 6064 -1887.427584 874.464768 1 7704 -2362.22208 -871.204032
-47.9817311107 -26.3860061638 199.228917314
242 241 145
2 0 3114 -789.416352 204.1308864 2 3488 2380.572288 -1191.887136
-17.5559178384 -42.0236678243 178.105820464
210 219 236
2 0 9222 -304.758864 -939.73824 2 9468 2082.826944 15.1827408
-10.9346343576 42.777949017 186.618581472
164 153 68
2 2 4335 -489.4682976 -623.402784 1 4983 1674.270432 -751.82976
-27.8033361278 21.8656435402 175.902173237
123 129 153
2 2 4644 316.900944 -896.663232 1 4736 723.907872 -846.596736
-101.456786633 -27.647128916 175.978267063
234 234 239
2 0 603 -1716.80688 1210.932576 1 3084 -2168.09568 -471.7531008
-39.9948446778 -28.6742352608 199.194599998
255 255 159
2 0 6508 -646.311168 -69.9374016 2 6964 2362.158432 -878.641056
-70.0856720425 22.4300444633 178.250802896
130 136 164
2 0 7703 -0.2089461024 1662.260544 1 8374 -224.6955552 59.9471136
-76.4917752004 20.6313184288 178.267802641
119 131 108
2 0 8566 -178.5654432 1755.578304 1 8811 -417.219984 158.5246464
-38.1106829539 -29.3549599648 198.612439764
228 228 133
2 0 5765 -611.157888 -140.3409024 2 6381 2348.508384 -800.819136
-16.2133493557 20.0417730855 175.432905809
45 75 49
3 0 9207 1145.208672 430.7779872 2 9904 257.522256 -521.384832 1 9445 938.984256 -1125.061632
-65.3050064884 20.5800646054 177.615744836
92 111 73
2 0 9583 63.9476352 1513.706112 1 9629 -153.4440672 -89.0939808
-19.1126975405 21.2223254342 175.833105515
200 195 204
2 0 6088 1107.881568 518.858496 1 6236 904.942368 -1038.965472
-33.5464014119 21.8399190474 176.463984345
143 145 165
3 0 4937 794.194848 855.576 2 3292 375.3709344 -1073.756448 1 3756 599.764896 -731.526048
-30.9146844444 21.8169210276 176.247457714
136 141 161
3 0 1493 852.937056 796.79952 2 1545 349.54992 -990.891648 1 1500 656.01504 -785.896128
-18.2488225005 54.061122475 199.356453851
57 61 38
2 0 9193 2231.391168 1583.856 1 9190 1980.402624 -337.6732032
-78.5780719675 2.20634047088 178.709000196
87 99 85
2 0 9910 -626.678208 1408.491072 1 9848 -890.029152 -243.6939936
-24.9125131101 23.9170665726 175.848376992
110 118 152
2 2 4525 227.6081856 -828.853632 1 3826 828.878112 -857.279808
-45.3842761395 37.1014602068 177.801071791
162 172 176
2 0 4261 876.878496 1460.467008 1 1769 653.841216 -128.7643104
-2.68403837914 22.7661406143 174.483487276
92 97 118
3 0 3301 1514.763648 182.8176192 2 1420 45.75512736 -141.0801984 1 2661 1277.3664 -1323.741312
-80.4905616121 -16.0673571317 177.293937785
89 108 76
2 0 9269 -1060.997472 1037.36448 1 9521 -1356.025536 -653.385888
-72.60006013 -3.46142580723 177.304813099
88 85 86
2 0 2937 -617.884992 1143.592992 1 3296 -866.978784 -513.32112
-0.0276560847808 9.29888769571 197.255885778
169 158 83
2 0 9651 1478.038752 -142.0114176 2 9975 582.756192 120.4376832
-24.218392226 30.233863765 175.860155785
129 137 106
2 2 1086 30.2257008 -871.527168 1 157 969.378624 -724.06944
-81.9813844551 7.54602681867 177.924855726
235 235 246
2 0 9253 -580.905504 1581.545088 1 9459 -845.103456 -34.90191936
-6.44638831766 22.4548779444 174.715325281
115 119 132
3 0 4711 1420.310016 261.3102912 2 5678 90.1103904 -251.1569664 1 4413 1193.414688 -1258.830144
-24.7909328716 22.0856332007 175.793152714
76 90 118
2 2 4422 280.9011456 -806.669856 1 2023 794.405376 -902.783232
19.7095224706 33.670372974 173.581941557
193 182 186
3 0 7606 2295.279072 -87.5326464 2 8163 -487.4320512 422.914032 1 7537 1941.254208 -1497.9312
-79.8416273143 13.7584725744 178.19373728
91 119 96
2 0 9767 -395.8327872 1676.777184 1 9718 -656.690688 66.220848
-42.2031297756 -26.9787065004 199.045416518
177 186 129
2 0 2039 -655.18272 32.61240288 2 3125 2328.028416 -977.87808
-9.06837499048 22.9527948374 174.684104983
156 162 187
2 0 3600 1371.428352 331.8572448 2 4856 101.5342272 -332.7160032
-6.74755774437 -48.9797507371 185.138517408
44 50 79
2 0 3311 -252.1165824 -1425.377376 2 4865 2311.86672 420.1228224
-78.8475118588 16.4480456566 178.038652884
88 112 88
2 0 8743 -319.7827296 1710.24624 1 9022 -567.563904 110.2437216
-48.2159837837 -24.8923026889 199.477503613
255 255 144
2 0 8220 -757.220256 250.6796064 2 9167 2339.656416 -1220.969376
-25.1626167666 -28.5930130968 195.921706268
39 44 26
2 0 7480 -239.3669088 -469.4230944 2 7428 2114.55792 -348.2833248
-39.2762953886 -22.9824880225 197.61790147
119 135 96
2 0 7508 -461.3755392 55.4026464 2 8128 2128.506624 -911.008512
-43.742955602 -23.5592816314 199.649330295
255 255 155
2 0 5666 -608.4504 169.6498272 2 5946 2246.436576 -1075.274208
-101.854021609 -11.2266424772 177.311012897
117 122 92
2 0 9954 -1395.624384 1577.789856 1 9860 -1783.480608 -47.37154176
-97.5138964157 -39.70534867 175.457938371
137 142 167
2 0 6063 -1887.427584 874.464768 1 7703 -2362.22208 -871.204032
-33.4820938234 19.9821772388 176.672602371
60 89 59
2 0 9311 756.353664 813.411648 1 9324 564.36192 -777.930336
-52.4103331821 17.9461489653 177.245121732
202 201 219
2 0 9872 290.79792 1181.772 1 9761 88.3669248 -430.37064
-39.193064331 14.9718044789 176.557815578
63 97 64
3 0 9898 516.268512 825.162048 2 10245 640.039392 -1176.405984 1 9777 330.7389984 -773.367264
-17.2132013972 -42.5587972669 178.119589489
213 218 237
2 0 4509 -308.4607296 -962.494848 2 4195 2094.596928 27.36144288
-38.6582396364 -28.893423384 198.580270586
60 72 47
2 0 7693 -612.176256 -114.0342048 2 8641 2338.853472 -826.058016
-51.3019893574 15.2203801222 177.737136357
80 105 69
3 0 9738 254.9866176 1099.024704 2 10158 758.80656 -1567.660032 1 9669 61.4780928 -516.763008
-20.1099644673 21.1701757621 175.690407414
197 196 204
3 0 7255 1082.2608 540.34704 2 7364 262.173456 -654.090912 1 7666 879.522336 -1020.262752
-21.4756702483 15.3593290755 176.265531345
50 85 52
2 0 9229 923.635296 443.6500608 1 9337 738.351072 -1133.71776
-28.2305722169 23.8949794975 176.207790379
145 150 175
2 0 3318 960.727392 783.937728 2 607 261.497808 -929.461536
-81.1621035526 10.9620344058 177.976577097
190 192 205
2 0 9718 -488.5556832 1638.970272 1 9751 -747.795456 29.49438528
-26.0731744747 24.0394171387 176.032326204
107 117 147
3 0 6356 1011.626208 739.335168 2 7313 234.8909856 -863.639712 1 6834 807.321024 -832.520736
25.2119689853 34.8958402608 173.756497836
94 104 134
2 2 3080 -575.201664 577.953216 1 2267 2079.336096 -1577.652768
-48.9326366506 -25.5662353584 199.737437057
248 245 128
2 0 2211 -795.957408 252.5018976 2 2713 2377.140192 -1241.904672
7.26473048334 4.9282048542 200.095092188
39 51 39
2 0 9763 1606.480416 -478.2500928 2 10071 679.85856 430.9718688
-13.3059572513 21.8743397242 175.49467095
130 135 162
2 0 2913 1255.559616 402.6186432 1 594 1041.7464 -1139.157216
-17.819900782 -5.58814065284 190.913241861
58 77 55
2 0 7460 559.181952 -74.0255616 2 8624 1205.380512 -341.3378592
-109.571529656 -22.4974531846 176.477192095
98 115 83
2 0 9514 -1776.895488 1486.98864 1 9588 -2257.530912 -154.5907104
-74.8603776436 16.6367243031 178.181739854
83 104 86
2 0 7917 -230.5629216 1634.57856 1 8828 -467.3608992 26.51634432
-19.998865386 17.7210534782 175.505466472
164 174 199
2 0 9873 1006.651872 458.6479776 1 9722 811.747008 -1101.810528
-5.12909471618 -36.1792882867 181.18755612
137 175 228
2 0 8031 109.1298816 -1123.431264 2 3519 1853.366112 340.232832
-33.1226407334 47.7113380298 199.186432594
97 104 61
2 2 9628 -434.6433792 -1581.736032 1 9102 1457.867232 -147.6760896
8.62925007117 3.56143305685 201.464886058
116 134 94
2 0 9475 1625.476896 -558.932256 2 9933 726.679008 504.625824
-15.9378417317 21.6543342816 175.532111219
152 156 174
2 0 9472 1189.174752 456.236208 1 9426 980.409312 -1091.176416
-8.58901492746 23.3020322366 174.686227926
97 106 136
2 0 3472 1390.630464 328.8540384 2 4960 86.6523456 -321.779808
-42.8948034114 -23.5950295334 199.52619685
253 251 149
2 0 5846 -585.65952 143.8464384 2 7304 2234.759616 -1045.139328
19.3283507531 33.0348224578 173.503349996
124 127 146
3 0 5545 2269.81008 -94.1872896 2 5564 -463.8891456 416.6897472 1 2894 1921.518432 -1503.072
-101.210436859 -26.572706392 175.961009042
227 230 241
2 0 6925 -1688.351328 1228.244832 1 7760 -2134.842048 -450.0031104
-49.1217006002 10.2402621733 179.348595302
159 162 112
3 0 9381 191.0105856 956.1888 2 10021 903.473568 -1463.918688 1 9507 13.94483616 -689.50368
-33.6088531346 -25.0334880189 195.953815621
136 156 107
2 0 8694 -360.4836672 -152.7566688 2 9726 2094.689952 -681.20496
-39.2762953886 -22.9824880225 197.61790147
119 135 96
2 0 7510 -461.3755392 55.4026464 2 8127 2128.506624 -911.008512
-53.7441270443 19.9413803404 178.481703544
100 113 85
2 0 9373 306.5101632 1261.89504 2 10047 643.75056 -1707.298848
-78.1150027983 -5.58746861841 177.691848655
83 115 76
2 0 10051 -780.828768 1218.281472 1 9945 -1055.9448 -445.91544
-74.8310969664 3.80246140982 178.397415586
98 99 94
2 0 4148 -514.931904 1359.085536 1 6149 -755.467488 -285.7790304
-44.2945543582 29.2980129283 177.478040923
213 210 220
3 0 7275 727.041312 1256.8032 2 6901 259.3308384 -1499.806368 1 6778 515.783808 -333.5532192
-82.3471792189 -14.6224116622 177.23514263
208 207 214
2 0 9331 -1065.2472 1106.941536 1 9481 -1369.915488 -575.79408
-80.4291094669 12.3057597184 177.940117611
108 126 112
2 0 8708 -443.3166432 1652.2776 1 9103 -699.486624 45.52927488
-52.4986947549 19.9317366089 178.054933683
176 154 147
3 0 6720 333.9380448 1230.967008 2 8145 630.208224 -1660.91904 1 7694 135.5648544 -379.6950816
-37.8256239326 19.9292451313 176.972769935
73 97 63
2 0 9234 658.698048 909.525024 1 9264 466.0056864 -690.16464
-101.834720818 -20.5693656094 176.219647783
219 218 227
2 0 9844 -1575.23904 1369.342656 1 9800 -2005.852032 -284.227488
-38.8493866992 -27.8548513984 198.831530637
254 252 155
2 0 4267 -591.270336 -80.2155744 2 4759 2312.826336 -845.6616
-81.3683365677 -42.8375697508 176.161158443
103 109 95
2 0 8401 -1645.109856 477.2405376 1 9088 -2024.354016 -1321.905312
-26.097382107 21.2789755987 176.2632302
206 203 210
2 0 7720 951.899904 677.400768 1 8058 753.71472 -897.701184
-8.15973404386 22.3395698005 174.689905735
73 82 111
2 2 164 111.4432416 -303.669504 1 571 1152.81216 -1225.552032
-57.7462710197 9.46175962661 177.200319073
184 184 196
2 0 9528 -16.52306976 1108.60128 1 9601 -217.8372384 -519.14736
12.0983172295 -9.97744679398 204.738691445
41 57 27
2 0 9345 1370.723328 -1075.494528 2 9876 1214.35488 805.0248
-27.977738309 21.1642848493 176.257909622
208 203 210
2 0 7330 905.897088 715.834368 1 7664 709.572384 -861.50016
5.34342645195 4.12657718963 200.214225371
119 133 80
2 0 9867 1527.664608 -445.0067424 2 10185 731.619072 370.9385856
-44.4415812347 21.3088621124 177.430008557
222 211 219
2 2 7940 503.817984 -1413.739584 1 7176 347.7202848 -518.33952
6.66798962943 30.9018464985 174.13674461
106 109 147
3 0 4074 1919.021472 151.8342624 2 2694 -285.030432 62.3319552 1 2950 1626.740064 -1315.173312
5.99721842756 31.1081388371 174.181063024
186 181 188
3 0 7547 1908.3384 172.686816 2 8140 -284.327856 41.6529648 1 7705 1616.796288 -1297.141344
-42.3896148252 -22.2456367865 198.000090772
135 155 104
2 0 8009 -524.63088 159.624288 2 9217 2148.580224 -1031.26896
-75.3593851021 -9.6981725282 177.196374945
195 194 210
2 0 9093 -813.744576 1065.560544 1 9293 -1077.105312 -606.678048
-17.2197451188 -41.6159665266 178.022498626
213 222 239
2 0 5625 -286.6945824 -939.400416 2 2336 2066.787648 19.59540768
-5.12909471618 -36.1792882867 181.18755612
137 175 228
2 0 8032 109.1298816 -1123.431264 2 3518 1853.366112 340.232832
-12.6005236807 -12.7913323256 197.609247006
111 131 103
2 0 5562 520.415424 -393.4244448 2 6026 1485.309312 -84.1093632
-4.6815289027 22.6047587547 174.911556355
124 127 146
2 0 5518 1469.50992 223.0309152 1 5574 1237.013568 -1290.482784
-43.0309991714 -24.4735812036 199.436396092
233 233 120
2 0 7245 -612.984096 125.0316 2 7927 2263.631328 -1037.4624
-16.531270228 -43.5375917114 178.255758947
108 118 103
2 0 9290 -316.3212576 -1002.500064 2 9810 2117.69136 55.7199072
-80.4905616121 -16.0673571317 177.293937785
89 108 76
2 0 9268 -1060.997472 1037.36448 1 9520 -1356.025536 -653.385888
-37.0225907681 17.4877975962 176.627620305
193 198 217
3 0 9812 618.65856 835.35552 2 10175 540.728928 -1137.331008 1 9683 433.2416544 -762.669504
-48.9251686487 23.118419917 179.716207759
204 205 226
2 0 10125 480.451824 1248.524064 1 10011 300.8259072 -383.5296288
-33.0017877107 21.2828129094 176.494531327
215 210 214
2 0 7775 794.953728 829.813248 1 8143 601.238592 -755.805312
-45.5987030494 16.5741706155 177.387904523
199 198 212
3 0 10015 410.8199328 1004.889312 2 10308 659.0016 -1400.123808 1 9897 221.149872 -605.321856
15.7905490407 21.9206750769 174.41986287
99 111 121
2 2 3145 -102.1418208 413.1421056 1 4527 1654.681536 -1707.954912
16.2217925362 26.6144262519 173.967192136
69 78 107
2 2 2751 -245.7346464 382.8559392 1 2724 1743.8328 -1600.458336
-24.9125131101 23.9170665726 175.848376992
110 118 152
2 2 4526 227.6081856 -828.853632 1 3827 828.878112 -857.279808
-1.76830579186 39.0159308594 185.971293007
157 149 84
2 0 9863 2062.910016 606.521376 1 9539 1801.06704 -1038.206592
-30.2789953097 15.0591560483 176.276667305
67 102 70
2 0 9823 714.678912 630.658656 1 9687 534.941856 -958.974624
12.3320166158 7.1779499627 202.917494441
57 73 45
2 0 8126 1867.887648 -571.172256 2 8739 566.237088 608.592384
-80.9654287833 -3.18591118199 177.260573074
95 117 85
2 0 8578 -788.074848 1322.517312 1 8573 -1066.167648 -320.8104
7.63197735543 24.4151743727 174.184601566
149 158 177
2 2 6122 -100.4311584 147.6501408 1 5234 1524.408768 -1486.567584
-34.4515827405 23.7819388538 176.673602452
151 154 173
3 0 2893 819.747072 919.752768 2 1198 327.2995584 -1123.504704 1 1076 619.745472 -667.554912
-23.985278684 21.7987182162 175.828107169
114 121 148
3 0 5046 1008.879552 641.713824 2 4238 281.5586784 -777.21552 1 4845 806.4936 -926.847072
-57.2904343577 15.3419599715 177.552723936
72 104 62
2 0 9633 122.7569184 1230.888672 1 9602 -77.878224 -387.6794784
-79.2090019851 11.7969990888 178.227509819
226 226 236
2 0 597 -430.422048 1620.394848 1 3381 -681.268608 6.56475264
5.97391935499 -0.629911965614 201.813883384
106 122 93
2 0 9921 1427.11056 -600.22512 2 10233 911.517696 456.2939808
-43.3646710535 14.4176016131 176.679143794
81 107 77
2 0 9600 408.686256 904.188384 1 9495 223.859808 -703.564992
-38.6373922631 28.5910656539 176.976708231
118 119 142
2 0 94 833.710464 1117.825344 1 513 626.825088 -467.7966432
12.0983172295 -9.97744679398 204.738691445
41 57 27
2 0 9346 1370.723328 -1075.494528 2 9877 1214.35488 805.0248
-24.3910820765 24.238708482 179.777407768
240 213 187
2 0 10124 1073.061216 732.544416 1 10001 895.537152 -879.502752
-101.406002885 -9.76741589584 176.881702785
120 124 94
2 0 7711 -1345.611744 1594.744704 1 8782 -1735.749504 -23.09208192
-21.5760167913 30.8884605612 175.657533213
84 100 64
2 0 9984 1269.738432 786.924288 1 9832 1037.912832 -761.822496
-16.4697653099 -14.2337741838 195.735748355
36 57 36
2 0 5236 375.3396 -328.0961376 2 5683 1545.319584 -207.0733824
-38.7205904737 -28.3284216008 198.875063945
88 101 53
2 0 2874 -601.596 -95.2991712 2 4572 2328.052896 -834.851232
-8.3516374467 21.6252378462 175.255630912
181 179 190
2 0 7433 1363.58496 284.9927328 1 7568 1142.853696 -1242.834912
-79.600960992 -3.83453348313 178.009461392
85 111 74
2 0 9817 -777.646368 1290.159648 1 9802 -1052.047584 -369.2333088
-62.0478291926 21.4688139458 177.905319077
223 214 219
2 0 5624 154.3982976 1469.108448 1 6551 -56.5101216 -138.6429696
-78.5346318765 12.3220165051 178.168947399
229 232 244
2 0 5068 -405.053424 1616.678784 1 6984 -652.152096 4.483007712
-79.0874825264 -9.53785323115 177.419406176
89 118 72
2 0 10002 -888.638688 1149.67872 1 9899 -1168.533216 -521.110656
-26.298016936 22.3312934343 175.996435056
107 120 149
3 0 7811 967.860864 705.890592 2 8678 287.735472 -853.656768 1 8297 767.531232 -868.45248
-38.0849510542 -28.4088445227 198.630810982
235 235 139
2 0 6352 -584.915328 -116.0307936 2 7007 2317.438368 -811.09584
-0.944267155794 -10.3476623179 199.675364236
139 155 92
2 0 9744 925.4664 -663.833952 2 10115 1302.712992 303.0007104
-74.4488430688 -4.36603648665 177.373905111
75 97 74
2 0 9645 -679.192704 1162.902816 1 9670 -931.694112 -494.437248
13.6694817234 33.1834091546 174.08087785
80 88 64
2 0 8947 2141.80416 41.54559552 1 8973 1815.58368 -1398.038112
-80.3131817583 10.2512158138 178.11009183
119 140 133
2 0 5860 -486.5796576 1608.331104 1 6877 -743.687712 -6.602256
12.3588584258 31.7053382951 173.887768553
88 103 139
3 0 3528 2073.059424 38.7513504 2 629 -361.6670304 223.5479328 1 131 1757.14992 -1405.088352
-69.7384239112 21.5154871 178.182075551
217 207 215
2 0 7904 -12.9122208 1634.128128 1 8521 -236.454768 30.52499328
-21.2800983778 21.2566408046 175.533132639
200 197 204
3 0 7064 1055.425824 570.0168 2 7854 269.8043616 -686.81088 1 7610 853.039872 -993.687264
-50.2115568172 20.0896992096 177.476587504
88 109 70
3 0 9731 385.8694272 1184.552928 2 10218 598.482144 -1579.312512 1 9717 188.4240288 -423.8599392
19.322371728 32.959514694 173.552021282
124 127 146
2 0 5544 2269.81008 -94.1872896 2 5565 -463.8891456 416.6897472
26.0250402517 35.3351337167 173.790560807
179 173 176
2 2 8770 -595.89216 598.673088 1 8048 2104.726752 -1583.332128
-16.4413398094 53.4155853827 199.208795912
106 114 40
2 0 5354 2268.639936 1518.69024 1 4666 2001.719808 -401.3584128
-56.2461906881 19.9964966743 179.138089035
89 108 72
2 0 9481 244.2154176 1328.887008 1 9522 58.4107488 -298.9071648
-58.6456408484 22.3339415431 177.919984239
125 128 159
2 0 6829 248.7961152 1416.980736 1 7582 41.64101856 -191.8703232
-22.7810200727 57.0408090129 199.218397533
62 80 41
2 2 10331 -916.379424 -1308.842784 1 9909 1934.438976 -151.0646112
-83.4190021838 15.9226249296 178.024506219
224 226 238
2 0 5796 -428.1654816 1792.224864 1 5254 -690.502464 199.3509216
